<?xml version="1.0" encoding="UTF-8"?>
<testsuite xmlns:xsi="http://www.w3.org/2001/XMLSchema-instance" xsi:noNamespaceSchemaLocation="https://maven.apache.org/surefire/maven-surefire-plugin/xsd/surefire-test-report-3.0.xsd" version="3.0" name="com.dummy.myerp.model.bean.comptabilite.JournalComptableTest" time="0.002" tests="2" errors="0" skipped="0" failures="0">
  <properties>
    <property name="sun.desktop" value="windows"/>
    <property name="awt.toolkit" value="sun.awt.windows.WToolkit"/>
    <property name="java.specification.version" value="12"/>
    <property name="sun.cpu.isalist" value="amd64"/>
    <property name="sun.jnu.encoding" value="Cp1252"/>
    <property name="java.class.path" value="D:\Openclassroom\9-\compta\src\myerp-model\target\test-classes;D:\Openclassroom\9-\compta\src\myerp-model\target\classes;D:\Openclassroom\9-\compta\src\myerp-technical\target\myerp-technical-1.x.x-SNAPSHOT.jar;D:\Env\maven\repository\org\apache\logging\log4j\log4j-api\2.8.1\log4j-api-2.8.1.jar;D:\Env\maven\repository\org\apache\logging\log4j\log4j-core\2.8.1\log4j-core-2.8.1.jar;D:\Env\maven\repository\org\apache\logging\log4j\log4j-jcl\2.8.1\log4j-jcl-2.8.1.jar;D:\Env\maven\repository\commons-logging\commons-logging\1.2\commons-logging-1.2.jar;D:\Env\maven\repository\org\apache\logging\log4j\log4j-slf4j-impl\2.8.1\log4j-slf4j-impl-2.8.1.jar;D:\Env\maven\repository\org\slf4j\slf4j-api\1.7.24\slf4j-api-1.7.24.jar;D:\Env\maven\repository\org\apache\commons\commons-lang3\3.9\commons-lang3-3.9.jar;D:\Env\maven\repository\org\apache\commons\commons-collections4\4.4\commons-collections4-4.4.jar;D:\Env\maven\repository\org\springframework\spring-core\5.2.4.RELEASE\spring-core-5.2.4.RELEASE.jar;D:\Env\maven\repository\org\springframework\spring-jcl\5.2.4.RELEASE\spring-jcl-5.2.4.RELEASE.jar;D:\Env\maven\repository\org\springframework\spring-context\5.2.4.RELEASE\spring-context-5.2.4.RELEASE.jar;D:\Env\maven\repository\org\springframework\spring-aop\5.2.4.RELEASE\spring-aop-5.2.4.RELEASE.jar;D:\Env\maven\repository\org\springframework\spring-expression\5.2.4.RELEASE\spring-expression-5.2.4.RELEASE.jar;D:\Env\maven\repository\org\springframework\spring-beans\5.2.4.RELEASE\spring-beans-5.2.4.RELEASE.jar;D:\Env\maven\repository\javax\validation\validation-api\2.0.1.Final\validation-api-2.0.1.Final.jar;D:\Env\maven\repository\org\junit\jupiter\junit-jupiter\5.6.0\junit-jupiter-5.6.0.jar;D:\Env\maven\repository\org\junit\jupiter\junit-jupiter-params\5.6.0\junit-jupiter-params-5.6.0.jar;D:\Env\maven\repository\org\junit\jupiter\junit-jupiter-engine\5.6.0\junit-jupiter-engine-5.6.0.jar;D:\Env\maven\repository\org\junit\platform\junit-platform-engine\1.6.0\junit-platform-engine-1.6.0.jar;D:\Env\maven\repository\org\junit\jupiter\junit-jupiter-api\5.6.0\junit-jupiter-api-5.6.0.jar;D:\Env\maven\repository\org\apiguardian\apiguardian-api\1.1.0\apiguardian-api-1.1.0.jar;D:\Env\maven\repository\org\opentest4j\opentest4j\1.2.0\opentest4j-1.2.0.jar;D:\Env\maven\repository\org\junit\platform\junit-platform-commons\1.6.0\junit-platform-commons-1.6.0.jar;D:\Env\maven\repository\org\mockito\mockito-junit-jupiter\3.3.3\mockito-junit-jupiter-3.3.3.jar;D:\Env\maven\repository\org\mockito\mockito-core\3.3.3\mockito-core-3.3.3.jar;D:\Env\maven\repository\net\bytebuddy\byte-buddy\1.10.5\byte-buddy-1.10.5.jar;D:\Env\maven\repository\net\bytebuddy\byte-buddy-agent\1.10.5\byte-buddy-agent-1.10.5.jar;D:\Env\maven\repository\org\objenesis\objenesis\2.6\objenesis-2.6.jar;D:\Env\maven\repository\org\assertj\assertj-core\3.15.0\assertj-core-3.15.0.jar;D:\Env\maven\repository\org\hibernate\validator\hibernate-validator\6.1.2.Final\hibernate-validator-6.1.2.Final.jar;D:\Env\maven\repository\jakarta\validation\jakarta.validation-api\2.0.2\jakarta.validation-api-2.0.2.jar;D:\Env\maven\repository\org\jboss\logging\jboss-logging\3.3.2.Final\jboss-logging-3.3.2.Final.jar;D:\Env\maven\repository\com\fasterxml\classmate\1.3.4\classmate-1.3.4.jar;"/>
    <property name="java.vm.vendor" value="Oracle Corporation"/>
    <property name="sun.arch.data.model" value="64"/>
    <property name="user.variant" value=""/>
    <property name="java.vendor.url" value="https://java.oracle.com/"/>
    <property name="user.timezone" value="Europe/Berlin"/>
    <property name="os.name" value="Windows 10"/>
    <property name="java.vm.specification.version" value="12"/>
    <property name="sun.java.launcher" value="SUN_STANDARD"/>
    <property name="user.country" value="FR"/>
    <property name="sun.boot.library.path" value="C:\Program Files\Java\jdk-12\bin"/>
    <property name="sun.java.command" value="C:\Users\Rudy\AppData\Local\Temp\surefire8938309891129594173\surefirebooter7135078889854785389.jar C:\Users\Rudy\AppData\Local\Temp\surefire8938309891129594173 2020-04-24T23-14-58_165-jvmRun1 surefire10845900020555373672tmp surefire_01473681614363284068tmp"/>
    <property name="jdk.debug" value="release"/>
    <property name="surefire.test.class.path" value="D:\Openclassroom\9-\compta\src\myerp-model\target\test-classes;D:\Openclassroom\9-\compta\src\myerp-model\target\classes;D:\Openclassroom\9-\compta\src\myerp-technical\target\myerp-technical-1.x.x-SNAPSHOT.jar;D:\Env\maven\repository\org\apache\logging\log4j\log4j-api\2.8.1\log4j-api-2.8.1.jar;D:\Env\maven\repository\org\apache\logging\log4j\log4j-core\2.8.1\log4j-core-2.8.1.jar;D:\Env\maven\repository\org\apache\logging\log4j\log4j-jcl\2.8.1\log4j-jcl-2.8.1.jar;D:\Env\maven\repository\commons-logging\commons-logging\1.2\commons-logging-1.2.jar;D:\Env\maven\repository\org\apache\logging\log4j\log4j-slf4j-impl\2.8.1\log4j-slf4j-impl-2.8.1.jar;D:\Env\maven\repository\org\slf4j\slf4j-api\1.7.24\slf4j-api-1.7.24.jar;D:\Env\maven\repository\org\apache\commons\commons-lang3\3.9\commons-lang3-3.9.jar;D:\Env\maven\repository\org\apache\commons\commons-collections4\4.4\commons-collections4-4.4.jar;D:\Env\maven\repository\org\springframework\spring-core\5.2.4.RELEASE\spring-core-5.2.4.RELEASE.jar;D:\Env\maven\repository\org\springframework\spring-jcl\5.2.4.RELEASE\spring-jcl-5.2.4.RELEASE.jar;D:\Env\maven\repository\org\springframework\spring-context\5.2.4.RELEASE\spring-context-5.2.4.RELEASE.jar;D:\Env\maven\repository\org\springframework\spring-aop\5.2.4.RELEASE\spring-aop-5.2.4.RELEASE.jar;D:\Env\maven\repository\org\springframework\spring-expression\5.2.4.RELEASE\spring-expression-5.2.4.RELEASE.jar;D:\Env\maven\repository\org\springframework\spring-beans\5.2.4.RELEASE\spring-beans-5.2.4.RELEASE.jar;D:\Env\maven\repository\javax\validation\validation-api\2.0.1.Final\validation-api-2.0.1.Final.jar;D:\Env\maven\repository\org\junit\jupiter\junit-jupiter\5.6.0\junit-jupiter-5.6.0.jar;D:\Env\maven\repository\org\junit\jupiter\junit-jupiter-params\5.6.0\junit-jupiter-params-5.6.0.jar;D:\Env\maven\repository\org\junit\jupiter\junit-jupiter-engine\5.6.0\junit-jupiter-engine-5.6.0.jar;D:\Env\maven\repository\org\junit\platform\junit-platform-engine\1.6.0\junit-platform-engine-1.6.0.jar;D:\Env\maven\repository\org\junit\jupiter\junit-jupiter-api\5.6.0\junit-jupiter-api-5.6.0.jar;D:\Env\maven\repository\org\apiguardian\apiguardian-api\1.1.0\apiguardian-api-1.1.0.jar;D:\Env\maven\repository\org\opentest4j\opentest4j\1.2.0\opentest4j-1.2.0.jar;D:\Env\maven\repository\org\junit\platform\junit-platform-commons\1.6.0\junit-platform-commons-1.6.0.jar;D:\Env\maven\repository\org\mockito\mockito-junit-jupiter\3.3.3\mockito-junit-jupiter-3.3.3.jar;D:\Env\maven\repository\org\mockito\mockito-core\3.3.3\mockito-core-3.3.3.jar;D:\Env\maven\repository\net\bytebuddy\byte-buddy\1.10.5\byte-buddy-1.10.5.jar;D:\Env\maven\repository\net\bytebuddy\byte-buddy-agent\1.10.5\byte-buddy-agent-1.10.5.jar;D:\Env\maven\repository\org\objenesis\objenesis\2.6\objenesis-2.6.jar;D:\Env\maven\repository\org\assertj\assertj-core\3.15.0\assertj-core-3.15.0.jar;D:\Env\maven\repository\org\hibernate\validator\hibernate-validator\6.1.2.Final\hibernate-validator-6.1.2.Final.jar;D:\Env\maven\repository\jakarta\validation\jakarta.validation-api\2.0.2\jakarta.validation-api-2.0.2.jar;D:\Env\maven\repository\org\jboss\logging\jboss-logging\3.3.2.Final\jboss-logging-3.3.2.Final.jar;D:\Env\maven\repository\com\fasterxml\classmate\1.3.4\classmate-1.3.4.jar;"/>
    <property name="sun.cpu.endian" value="little"/>
    <property name="user.home" value="C:\Users\Rudy"/>
    <property name="user.language" value="fr"/>
    <property name="java.specification.vendor" value="Oracle Corporation"/>
    <property name="java.version.date" value="2019-03-19"/>
    <property name="java.home" value="C:\Program Files\Java\jdk-12"/>
    <property name="file.separator" value="\"/>
    <property name="basedir" value="D:\Openclassroom\9-\compta\src\myerp-model"/>
    <property name="java.vm.compressedOopsMode" value="Zero based"/>
    <property name="line.separator" value="&#10;"/>
    <property name="java.vm.specification.vendor" value="Oracle Corporation"/>
    <property name="java.specification.name" value="Java Platform API Specification"/>
    <property name="java.awt.graphicsenv" value="sun.awt.Win32GraphicsEnvironment"/>
    <property name="surefire.real.class.path" value="C:\Users\Rudy\AppData\Local\Temp\surefire8938309891129594173\surefirebooter7135078889854785389.jar"/>
    <property name="user.script" value=""/>
    <property name="sun.management.compiler" value="HotSpot 64-Bit Tiered Compilers"/>
    <property name="java.runtime.version" value="12+33"/>
    <property name="user.name" value="Rudy"/>
    <property name="path.separator" value=";"/>
    <property name="os.version" value="10.0"/>
    <property name="java.runtime.name" value="Java(TM) SE Runtime Environment"/>
    <property name="file.encoding" value="Cp1252"/>
    <property name="java.vm.name" value="Java HotSpot(TM) 64-Bit Server VM"/>
    <property name="localRepository" value="D:\Env\maven\repository"/>
    <property name="java.vendor.url.bug" value="https://bugreport.java.com/bugreport/"/>
    <property name="java.io.tmpdir" value="C:\Users\Rudy\AppData\Local\Temp\"/>
    <property name="java.version" value="12"/>
    <property name="user.dir" value="D:\Openclassroom\9-\compta\src\myerp-model"/>
    <property name="os.arch" value="amd64"/>
    <property name="java.vm.specification.name" value="Java Virtual Machine Specification"/>
    <property name="sun.os.patch.level" value=""/>
    <property name="java.library.path" value="C:\Program Files\Java\jdk-12\bin;C:\WINDOWS\Sun\Java\bin;C:\WINDOWS\system32;C:\WINDOWS;C:\Program Files (x86)\Razer Chroma SDK\bin;C:\Program Files\Razer Chroma SDK\bin;C:\Program Files (x86)\Razer\ChromaBroadcast\bin;C:\Program Files\Razer\ChromaBroadcast\bin;C:\Program Files (x86)\Common Files\Oracle\Java\javapath;C:\Program Files\Oculus\Support\oculus-runtime;C:\Program Files (x86)\Intel\Intel(R) Management Engine Components\iCLS\;C:\Program Files\Intel\Intel(R) Management Engine Components\iCLS\;C:\Windows\system32;C:\Windows;C:\Windows\System32\Wbem;C:\Windows\System32\WindowsPowerShell\v1.0\;C:\WINDOWS\system32;C:\WINDOWS;C:\WINDOWS\System32\Wbem;C:\WINDOWS\System32\WindowsPowerShell\v1.0\;D:\Application\QuickTime\QTSystem\;C:\Program Files (x86)\Intel\Intel(R) Management Engine Components\DAL;C:\Program Files\Intel\Intel(R) Management Engine Components\DAL;C:\Program Files (x86)\Intel\Intel(R) Management Engine Components\IPT;C:\Program Files\Intel\Intel(R) Management Engine Components\IPT;C:\Program Files (x86)\NVIDIA Corporation\PhysX\Common;C:\WINDOWS\System32\OpenSSH\;C:\Program Files\nodejs\;C:\Program Files\NVIDIA Corporation\NVIDIA NvDLISR;D:\Application\Git\cmd;C:\WINDOWS\system32;C:\WINDOWS;C:\WINDOWS\System32\Wbem;C:\WINDOWS\System32\WindowsPowerShell\v1.0\;C:\WINDOWS\System32\OpenSSH\;C:\WINDOWS\system32\config\systemprofile\AppData\Local\Microsoft\WindowsApps;;C:\Program Files\Docker\Docker\resources\bin;C:\ProgramData\DockerDesktop\version-bin;C:\Ruby26-x64\bin;C:\Users\Rudy\AppData\Local\Programs\Python\Python38-32\Scripts\;C:\Users\Rudy\AppData\Local\Programs\Python\Python38-32\;C:\Program Files\Java\jdk-12\bin;C:\Users\Rudy\AppData\Local\Microsoft\WindowsApps;C:\Users\Rudy\AppData\Local\Microsoft\WindowsApps;C:\Users\Rudy\AppData\Roaming\npm;D:\Application\VSCode\Microsoft VS Code\bin;D:\Env\apache-maven-3.6.2\bin;D:\Application\postgresql\11\bin;D:\Application\postgresql\11\lib;D:\Application\Heroku\bin;C:\Program Files\Heroku\bin;."/>
    <property name="java.vm.info" value="mixed mode, sharing"/>
    <property name="java.vendor" value="Oracle Corporation"/>
    <property name="java.vm.version" value="12+33"/>
    <property name="sun.io.unicode.encoding" value="UnicodeLittle"/>
    <property name="java.class.version" value="56.0"/>
  </properties>
  <testcase name="getByCode_giveAnExistingCompteNumber_returnTheAssociatedCompteComptable" classname="com.dummy.myerp.model.bean.comptabilite.JournalComptableTest" time="0.001"/>
  <testcase name="getByCode_giveANonExistingCompteNumber_returnNull" classname="com.dummy.myerp.model.bean.comptabilite.JournalComptableTest" time="0"/>
</testsuite>