<?xml version="1.0" encoding="UTF-8"?>
<testsuite xmlns:xsi="http://www.w3.org/2001/XMLSchema-instance" xsi:noNamespaceSchemaLocation="https://maven.apache.org/surefire/maven-surefire-plugin/xsd/surefire-test-report.xsd" name="com.dummy.myerp.model.bean.comptabilite.EcritureComptableTest" time="0.046" tests="1" errors="0" skipped="0" failures="1">
  <properties>
    <property name="sun.desktop" value="windows"/>
    <property name="awt.toolkit" value="sun.awt.windows.WToolkit"/>
    <property name="java.specification.version" value="12"/>
    <property name="sun.cpu.isalist" value="amd64"/>
    <property name="sun.jnu.encoding" value="Cp1252"/>
    <property name="java.class.path" value="D:\Env\apache-maven-3.6.2\bin\..\boot\plexus-classworlds-2.6.0.jar"/>
    <property name="java.vm.vendor" value="Oracle Corporation"/>
    <property name="sun.arch.data.model" value="64"/>
    <property name="user.variant" value=""/>
    <property name="java.vendor.url" value="https://java.oracle.com/"/>
    <property name="user.timezone" value="Europe/Berlin"/>
    <property name="maven.conf" value="D:\Env\apache-maven-3.6.2\bin\../conf"/>
    <property name="java.vm.specification.version" value="12"/>
    <property name="os.name" value="Windows 10"/>
    <property name="sun.java.launcher" value="SUN_STANDARD"/>
    <property name="user.country" value="FR"/>
    <property name="sun.boot.library.path" value="C:\Program Files\Java\jdk-12\bin"/>
    <property name="sun.java.command" value="org.codehaus.plexus.classworlds.launcher.Launcher test"/>
    <property name="jdk.debug" value="release"/>
    <property name="maven.home" value="D:\Env\apache-maven-3.6.2\bin\.."/>
    <property name="sun.cpu.endian" value="little"/>
    <property name="user.home" value="C:\Users\Rudy"/>
    <property name="user.language" value="fr"/>
    <property name="sun.stderr.encoding" value="cp850"/>
    <property name="java.specification.vendor" value="Oracle Corporation"/>
    <property name="java.version.date" value="2019-03-19"/>
    <property name="java.home" value="C:\Program Files\Java\jdk-12"/>
    <property name="file.separator" value="\"/>
    <property name="java.vm.compressedOopsMode" value="Zero based"/>
    <property name="line.separator" value="&#10;"/>
    <property name="sun.stdout.encoding" value="cp850"/>
    <property name="java.vm.specification.vendor" value="Oracle Corporation"/>
    <property name="java.specification.name" value="Java Platform API Specification"/>
    <property name="java.awt.graphicsenv" value="sun.awt.Win32GraphicsEnvironment"/>
    <property name="user.script" value=""/>
    <property name="sun.management.compiler" value="HotSpot 64-Bit Tiered Compilers"/>
    <property name="java.runtime.version" value="12+33"/>
    <property name="user.name" value="Rudy"/>
    <property name="path.separator" value=";"/>
    <property name="os.version" value="10.0"/>
    <property name="java.runtime.name" value="Java(TM) SE Runtime Environment"/>
    <property name="file.encoding" value="Cp1252"/>
    <property name="guice.disable.misplaced.annotation.check" value="true"/>
    <property name="java.vm.name" value="Java HotSpot(TM) 64-Bit Server VM"/>
    <property name="java.vendor.url.bug" value="https://bugreport.java.com/bugreport/"/>
    <property name="java.io.tmpdir" value="C:\Users\Rudy\AppData\Local\Temp\"/>
    <property name="java.version" value="12"/>
    <property name="user.dir" value="D:\Openclassroom\9-\compta\src"/>
    <property name="os.arch" value="amd64"/>
    <property name="maven.multiModuleProjectDirectory" value="D:\Openclassroom\9-\compta\src"/>
    <property name="java.vm.specification.name" value="Java Virtual Machine Specification"/>
    <property name="sun.os.patch.level" value=""/>
    <property name="java.library.path" value="C:\Program Files\Java\jdk-12\bin;C:\WINDOWS\Sun\Java\bin;C:\WINDOWS\system32;C:\WINDOWS;C:\Program Files (x86)\Razer\ChromaBroadcast\bin;C:\Program Files\Razer\ChromaBroadcast\bin;C:\Program Files (x86)\Common Files\Oracle\Java\javapath;C:\Program Files\Oculus\Support\oculus-runtime;C:\Program Files (x86)\Intel\Intel(R) Management Engine Components\iCLS\;C:\Program Files\Intel\Intel(R) Management Engine Components\iCLS\;C:\Windows\system32;C:\Windows;C:\Windows\System32\Wbem;C:\Windows\System32\WindowsPowerShell\v1.0\;C:\WINDOWS\system32;C:\WINDOWS;C:\WINDOWS\System32\Wbem;C:\WINDOWS\System32\WindowsPowerShell\v1.0\;D:\Application\QuickTime\QTSystem\;C:\Program Files (x86)\Intel\Intel(R) Management Engine Components\DAL;C:\Program Files\Intel\Intel(R) Management Engine Components\DAL;C:\Program Files (x86)\Intel\Intel(R) Management Engine Components\IPT;C:\Program Files\Intel\Intel(R) Management Engine Components\IPT;C:\Program Files (x86)\NVIDIA Corporation\PhysX\Common;C:\WINDOWS\System32\OpenSSH\;C:\Program Files\nodejs\;C:\Program Files\NVIDIA Corporation\NVIDIA NvDLISR;D:\Application\Git\cmd;C:\WINDOWS\system32;C:\WINDOWS;C:\WINDOWS\System32\Wbem;C:\WINDOWS\System32\WindowsPowerShell\v1.0\;C:\WINDOWS\System32\OpenSSH\;C:\WINDOWS\system32\config\systemprofile\AppData\Local\Microsoft\WindowsApps;C:\Users\Rudy\AppData\Local\Programs\Python\Python38-32\Scripts\;C:\Users\Rudy\AppData\Local\Programs\Python\Python38-32\;C:\Program Files\Java\jdk-12\bin;C:\Users\Rudy\AppData\Local\Microsoft\WindowsApps;C:\Users\Rudy\AppData\Local\Microsoft\WindowsApps;C:\Users\Rudy\AppData\Roaming\npm;D:\Application\VSCode\Microsoft VS Code\bin;D:\Env\apache-maven-3.6.2\bin;D:\Application\postgresql\11\bin;D:\Application\postgresql\11\lib;D:\Application\Heroku\bin;C:\Program Files\Heroku\bin;."/>
    <property name="java.vm.info" value="mixed mode, sharing"/>
    <property name="java.vendor" value="Oracle Corporation"/>
    <property name="java.vm.version" value="12+33"/>
    <property name="classworlds.conf" value="D:\Env\apache-maven-3.6.2\bin\..\bin\m2.conf"/>
    <property name="sun.io.unicode.encoding" value="UnicodeLittle"/>
    <property name="library.jansi.path" value="D:\Env\apache-maven-3.6.2\bin\..\lib\jansi-native"/>
    <property name="java.class.version" value="56.0"/>
  </properties>
  <testcase name="isEquilibree" classname="com.dummy.myerp.model.bean.comptabilite.EcritureComptableTest" time="0.01">
    <failure message="EcritureComptable{id=null, journal=null, reference=&apos;null&apos;, date=null, libelle=&apos;Non équilibrée&apos;, totalDebit=31, totalCredit=31, listLigneEcriture=[&#10;LigneEcritureComptable{compteComptable=CompteComptable{numero=1, libelle=&apos;null&apos;}, libelle=&apos;10&apos;, debit=10, credit=null}&#10;LigneEcritureComptable{compteComptable=CompteComptable{numero=1, libelle=&apos;null&apos;}, libelle=&apos;19&apos;, debit=20, credit=1}&#10;LigneEcritureComptable{compteComptable=CompteComptable{numero=2, libelle=&apos;null&apos;}, libelle=&apos;-30&apos;, debit=null, credit=30}&#10;LigneEcritureComptable{compteComptable=CompteComptable{numero=2, libelle=&apos;null&apos;}, libelle=&apos;-1&apos;, debit=1, credit=2}&#10;]}" type="java.lang.AssertionError">java.lang.AssertionError: 
EcritureComptable{id=null, journal=null, reference='null', date=null, libelle='Non équilibrée', totalDebit=31, totalCredit=31, listLigneEcriture=[
LigneEcritureComptable{compteComptable=CompteComptable{numero=1, libelle='null'}, libelle='10', debit=10, credit=null}
LigneEcritureComptable{compteComptable=CompteComptable{numero=1, libelle='null'}, libelle='19', debit=20, credit=1}
LigneEcritureComptable{compteComptable=CompteComptable{numero=2, libelle='null'}, libelle='-30', debit=null, credit=30}
LigneEcritureComptable{compteComptable=CompteComptable{numero=2, libelle='null'}, libelle='-1', debit=1, credit=2}
]}
	at com.dummy.myerp.model.bean.comptabilite.EcritureComptableTest.isEquilibree(EcritureComptableTest.java:41)
</failure>
  </testcase>
</testsuite>